2025-07-04 00:03:22,746 INFO c.e.S.SpringDemoBotApplication [main] Starting SpringDemoBotApplication using Java 17.0.12 with PID 19900 (C:\Users\Levi\Documents\!Java\Проекты\SpringDemoBot\target\classes started by Levi in C:\Users\Levi\Documents\!Java\Проекты\SpringDemoBot)
2025-07-04 00:03:22,749 INFO c.e.S.SpringDemoBotApplication [main] No active profile set, falling back to 1 default profile: "default"
2025-07-04 00:03:23,015 INFO o.s.d.r.c.RepositoryConfigurationDelegate [main] Bootstrapping Spring Data JPA repositories in DEFAULT mode.
2025-07-04 00:03:23,050 INFO o.s.d.r.c.RepositoryConfigurationDelegate [main] Finished Spring Data repository scanning in 29 ms. Found 1 JPA repository interface.
2025-07-04 00:03:23,248 INFO o.h.j.i.u.LogHelper [main] HHH000204: Processing PersistenceUnitInfo [name: default]
2025-07-04 00:03:23,282 INFO o.h.Version [main] HHH000412: Hibernate ORM core version 6.6.18.Final
2025-07-04 00:03:23,302 INFO o.h.c.i.RegionFactoryInitiator [main] HHH000026: Second-level cache disabled
2025-07-04 00:03:23,465 INFO o.s.o.j.p.SpringPersistenceUnitInfo [main] No LoadTimeWeaver setup: ignoring JPA class transformer
2025-07-04 00:03:23,484 INFO c.z.h.HikariDataSource [main] HikariPool-1 - Starting...
2025-07-04 00:03:23,694 INFO c.z.h.p.HikariPool [main] HikariPool-1 - Added connection com.mysql.cj.jdbc.ConnectionImpl@305b43ca
2025-07-04 00:03:23,695 INFO c.z.h.HikariDataSource [main] HikariPool-1 - Start completed.
2025-07-04 00:03:23,733 WARN o.h.o.deprecation [main] HHH90000025: MySQLDialect does not need to be specified explicitly using 'hibernate.dialect' (remove the property setting and it will be selected by default)
2025-07-04 00:03:23,746 INFO o.h.o.c.pooling [main] HHH10001005: Database info:
	Database JDBC URL [Connecting through datasource 'HikariDataSource (HikariPool-1)']
	Database driver: undefined/unknown
	Database version: 8.0.42
	Autocommit mode: undefined/unknown
	Isolation level: undefined/unknown
	Minimum pool size: undefined/unknown
	Maximum pool size: undefined/unknown
2025-07-04 00:03:24,313 INFO o.h.e.t.j.p.i.JtaPlatformInitiator [main] HHH000489: No JTA platform available (set 'hibernate.transaction.jta.platform' to enable JTA platform integration)
2025-07-04 00:03:24,348 INFO o.s.o.j.LocalContainerEntityManagerFactoryBean [main] Initialized JPA EntityManagerFactory for persistence unit 'default'
2025-07-04 00:03:27,063 INFO c.e.S.SpringDemoBotApplication [main] Started SpringDemoBotApplication in 4.547 seconds (process running for 5.077)
2025-07-04 00:03:29,632 INFO c.e.S.s.TelegramBotService [MysteriousFrogBot Telegram Executor] 
Replied to user: 577668957
Answer: Привет Арина, рад тебя видеть!
2025-07-04 00:03:32,182 INFO c.e.S.s.TelegramBotService [MysteriousFrogBot Telegram Executor] 
Replied to user: 577668957
Answer: Такая команда пока не поддерживается :crying_face:
2025-07-04 00:03:32,182 INFO c.e.S.s.TelegramBotService [MysteriousFrogBot Telegram Executor] 
Unknown message from user: Арина
Text: /my_data
2025-07-04 00:04:11,755 INFO c.e.S.s.TelegramBotService [MysteriousFrogBot Telegram Executor] 
Replied to user: 577668957
Answer: Я даже не знаю чем вам можно помочь :smiling_face_with_tear:


Но этот бот пока просто хрени пишет

Нажмите на /start чтобы поздороваться

Нажмите на /my_data и должна появиться информация о тебе, но ее пока нет :worried_face:

Нажмите на /delete_data и можно удалить информацию о себе, но такого пока тоже нет :worried_face:

Нажмите на /settings и можно изменить настройки бота


Потом добавлю какую-нибудь обратную связь :smiling_face:
2025-07-04 00:06:49,151 INFO o.s.o.j.LocalContainerEntityManagerFactoryBean [SpringApplicationShutdownHook] Closing JPA EntityManagerFactory for persistence unit 'default'
2025-07-04 00:06:49,153 INFO c.z.h.HikariDataSource [SpringApplicationShutdownHook] HikariPool-1 - Shutdown initiated...
2025-07-04 00:06:49,158 INFO c.z.h.HikariDataSource [SpringApplicationShutdownHook] HikariPool-1 - Shutdown completed.
2025-07-04 00:06:52,005 INFO c.e.S.SpringDemoBotApplication [main] Starting SpringDemoBotApplication using Java 17.0.12 with PID 14552 (C:\Users\Levi\Documents\!Java\Проекты\SpringDemoBot\target\classes started by Levi in C:\Users\Levi\Documents\!Java\Проекты\SpringDemoBot)
2025-07-04 00:06:52,006 INFO c.e.S.SpringDemoBotApplication [main] No active profile set, falling back to 1 default profile: "default"
2025-07-04 00:06:52,261 INFO o.s.d.r.c.RepositoryConfigurationDelegate [main] Bootstrapping Spring Data JPA repositories in DEFAULT mode.
2025-07-04 00:06:52,295 INFO o.s.d.r.c.RepositoryConfigurationDelegate [main] Finished Spring Data repository scanning in 29 ms. Found 1 JPA repository interface.
2025-07-04 00:06:52,485 INFO o.h.j.i.u.LogHelper [main] HHH000204: Processing PersistenceUnitInfo [name: default]
2025-07-04 00:06:52,516 INFO o.h.Version [main] HHH000412: Hibernate ORM core version 6.6.18.Final
2025-07-04 00:06:52,536 INFO o.h.c.i.RegionFactoryInitiator [main] HHH000026: Second-level cache disabled
2025-07-04 00:06:52,699 INFO o.s.o.j.p.SpringPersistenceUnitInfo [main] No LoadTimeWeaver setup: ignoring JPA class transformer
2025-07-04 00:06:52,717 INFO c.z.h.HikariDataSource [main] HikariPool-1 - Starting...
2025-07-04 00:06:52,915 INFO c.z.h.p.HikariPool [main] HikariPool-1 - Added connection com.mysql.cj.jdbc.ConnectionImpl@22865072
2025-07-04 00:06:52,916 INFO c.z.h.HikariDataSource [main] HikariPool-1 - Start completed.
2025-07-04 00:06:52,956 WARN o.h.o.deprecation [main] HHH90000025: MySQLDialect does not need to be specified explicitly using 'hibernate.dialect' (remove the property setting and it will be selected by default)
2025-07-04 00:06:52,969 INFO o.h.o.c.pooling [main] HHH10001005: Database info:
	Database JDBC URL [Connecting through datasource 'HikariDataSource (HikariPool-1)']
	Database driver: undefined/unknown
	Database version: 8.0.42
	Autocommit mode: undefined/unknown
	Isolation level: undefined/unknown
	Minimum pool size: undefined/unknown
	Maximum pool size: undefined/unknown
2025-07-04 00:06:53,518 INFO o.h.e.t.j.p.i.JtaPlatformInitiator [main] HHH000489: No JTA platform available (set 'hibernate.transaction.jta.platform' to enable JTA platform integration)
2025-07-04 00:06:53,547 INFO o.s.o.j.LocalContainerEntityManagerFactoryBean [main] Initialized JPA EntityManagerFactory for persistence unit 'default'
2025-07-04 00:06:55,572 INFO c.e.S.SpringDemoBotApplication [main] Started SpringDemoBotApplication in 3.799 seconds (process running for 4.287)
2025-07-04 00:06:59,134 INFO c.e.S.s.TelegramBotService [MysteriousFrogBot Telegram Executor] 
Replied to user: 577668957
Answer: :crying_face:
2025-07-04 00:06:59,135 INFO c.e.S.s.TelegramBotService [MysteriousFrogBot Telegram Executor] 
Unknown message from user: Арина
Text: р
2025-07-04 00:07:11,129 INFO o.s.o.j.LocalContainerEntityManagerFactoryBean [SpringApplicationShutdownHook] Closing JPA EntityManagerFactory for persistence unit 'default'
2025-07-04 00:07:11,130 INFO c.z.h.HikariDataSource [SpringApplicationShutdownHook] HikariPool-1 - Shutdown initiated...
2025-07-04 00:07:11,135 INFO c.z.h.HikariDataSource [SpringApplicationShutdownHook] HikariPool-1 - Shutdown completed.
2025-07-04 00:07:55,656 INFO c.e.S.SpringDemoBotApplication [main] Starting SpringDemoBotApplication using Java 17.0.12 with PID 14624 (C:\Users\Levi\Documents\!Java\Проекты\SpringDemoBot\target\classes started by Levi in C:\Users\Levi\Documents\!Java\Проекты\SpringDemoBot)
2025-07-04 00:07:55,657 INFO c.e.S.SpringDemoBotApplication [main] No active profile set, falling back to 1 default profile: "default"
2025-07-04 00:07:55,916 INFO o.s.d.r.c.RepositoryConfigurationDelegate [main] Bootstrapping Spring Data JPA repositories in DEFAULT mode.
2025-07-04 00:07:55,948 INFO o.s.d.r.c.RepositoryConfigurationDelegate [main] Finished Spring Data repository scanning in 26 ms. Found 1 JPA repository interface.
2025-07-04 00:07:56,145 INFO o.h.j.i.u.LogHelper [main] HHH000204: Processing PersistenceUnitInfo [name: default]
2025-07-04 00:07:56,178 INFO o.h.Version [main] HHH000412: Hibernate ORM core version 6.6.18.Final
2025-07-04 00:07:56,199 INFO o.h.c.i.RegionFactoryInitiator [main] HHH000026: Second-level cache disabled
2025-07-04 00:07:56,361 INFO o.s.o.j.p.SpringPersistenceUnitInfo [main] No LoadTimeWeaver setup: ignoring JPA class transformer
2025-07-04 00:07:56,379 INFO c.z.h.HikariDataSource [main] HikariPool-1 - Starting...
2025-07-04 00:07:56,574 INFO c.z.h.p.HikariPool [main] HikariPool-1 - Added connection com.mysql.cj.jdbc.ConnectionImpl@563317c1
2025-07-04 00:07:56,575 INFO c.z.h.HikariDataSource [main] HikariPool-1 - Start completed.
2025-07-04 00:07:56,617 WARN o.h.o.deprecation [main] HHH90000025: MySQLDialect does not need to be specified explicitly using 'hibernate.dialect' (remove the property setting and it will be selected by default)
2025-07-04 00:07:56,630 INFO o.h.o.c.pooling [main] HHH10001005: Database info:
	Database JDBC URL [Connecting through datasource 'HikariDataSource (HikariPool-1)']
	Database driver: undefined/unknown
	Database version: 8.0.42
	Autocommit mode: undefined/unknown
	Isolation level: undefined/unknown
	Minimum pool size: undefined/unknown
	Maximum pool size: undefined/unknown
2025-07-04 00:07:57,186 INFO o.h.e.t.j.p.i.JtaPlatformInitiator [main] HHH000489: No JTA platform available (set 'hibernate.transaction.jta.platform' to enable JTA platform integration)
2025-07-04 00:07:57,216 INFO o.s.o.j.LocalContainerEntityManagerFactoryBean [main] Initialized JPA EntityManagerFactory for persistence unit 'default'
2025-07-04 00:07:59,475 INFO c.e.S.SpringDemoBotApplication [main] Started SpringDemoBotApplication in 4.048 seconds (process running for 4.537)
2025-07-04 00:08:17,556 INFO c.e.S.s.TelegramBotService [MysteriousFrogBot Telegram Executor] 
Replied to user: 577668957
Answer: Привет Арина, рад тебя видеть!
2025-07-04 00:08:21,336 INFO c.e.S.s.TelegramBotService [MysteriousFrogBot Telegram Executor] 
Replied to user: 577668957
Answer: Я даже не знаю чем вам можно помочь 🥲


Но этот бот пока просто хрени пишет

Нажмите на /start чтобы поздороваться

Нажмите на /my_data и должна появиться информация о тебе, но ее пока нет 😥

Нажмите на /delete_data и можно удалить информацию о себе, но такого пока тоже нет 😥

Нажмите на /settings и можно изменить настройки бота


Потом добавлю какую-нибудь обратную связь 😊
2025-07-04 00:13:39,034 ERROR o.t.t.u.DefaultBotSession [MysteriousFrogBot Telegram Connection] Connection reset
java.net.SocketException: Connection reset
	at java.base/sun.nio.ch.NioSocketImpl.implRead(NioSocketImpl.java:328)
	at java.base/sun.nio.ch.NioSocketImpl.read(NioSocketImpl.java:355)
	at java.base/sun.nio.ch.NioSocketImpl$1.read(NioSocketImpl.java:808)
	at java.base/java.net.Socket$SocketInputStream.read(Socket.java:966)
	at java.base/sun.security.ssl.SSLSocketInputRecord.read(SSLSocketInputRecord.java:484)
	at java.base/sun.security.ssl.SSLSocketInputRecord.readHeader(SSLSocketInputRecord.java:478)
	at java.base/sun.security.ssl.SSLSocketInputRecord.bytesInCompletePacket(SSLSocketInputRecord.java:70)
	at java.base/sun.security.ssl.SSLSocketImpl.readApplicationRecord(SSLSocketImpl.java:1461)
	at java.base/sun.security.ssl.SSLSocketImpl$AppInputStream.read(SSLSocketImpl.java:1065)
	at org.apache.http.impl.io.SessionInputBufferImpl.streamRead(SessionInputBufferImpl.java:137)
	at org.apache.http.impl.io.SessionInputBufferImpl.fillBuffer(SessionInputBufferImpl.java:153)
	at org.apache.http.impl.io.SessionInputBufferImpl.readLine(SessionInputBufferImpl.java:280)
	at org.apache.http.impl.conn.DefaultHttpResponseParser.parseHead(DefaultHttpResponseParser.java:138)
	at org.apache.http.impl.conn.DefaultHttpResponseParser.parseHead(DefaultHttpResponseParser.java:56)
	at org.apache.http.impl.io.AbstractMessageParser.parse(AbstractMessageParser.java:259)
	at org.apache.http.impl.DefaultBHttpClientConnection.receiveResponseHeader(DefaultBHttpClientConnection.java:163)
	at org.apache.http.impl.conn.CPoolProxy.receiveResponseHeader(CPoolProxy.java:157)
	at org.apache.http.protocol.HttpRequestExecutor.doReceiveResponse(HttpRequestExecutor.java:273)
	at org.apache.http.protocol.HttpRequestExecutor.execute(HttpRequestExecutor.java:125)
	at org.apache.http.impl.execchain.MainClientExec.execute(MainClientExec.java:272)
	at org.apache.http.impl.execchain.ProtocolExec.execute(ProtocolExec.java:186)
	at org.apache.http.impl.execchain.RetryExec.execute(RetryExec.java:89)
	at org.apache.http.impl.execchain.RedirectExec.execute(RedirectExec.java:110)
	at org.apache.http.impl.client.InternalHttpClient.doExecute(InternalHttpClient.java:185)
	at org.apache.http.impl.client.CloseableHttpClient.execute(CloseableHttpClient.java:83)
	at org.telegram.telegrambots.updatesreceivers.DefaultBotSession$ReaderThread.getUpdatesFromServer(DefaultBotSession.java:250)
	at org.telegram.telegrambots.updatesreceivers.DefaultBotSession$ReaderThread.run(DefaultBotSession.java:189)
2025-07-04 00:20:06,446 INFO o.s.o.j.LocalContainerEntityManagerFactoryBean [SpringApplicationShutdownHook] Closing JPA EntityManagerFactory for persistence unit 'default'
2025-07-04 00:20:06,448 INFO c.z.h.HikariDataSource [SpringApplicationShutdownHook] HikariPool-1 - Shutdown initiated...
2025-07-04 00:20:06,453 INFO c.z.h.HikariDataSource [SpringApplicationShutdownHook] HikariPool-1 - Shutdown completed.
2025-07-04 00:34:23,993 INFO c.e.S.SpringDemoBotApplication [main] Starting SpringDemoBotApplication using Java 17.0.12 with PID 17328 (C:\Users\Levi\Documents\!Java\Проекты\SpringDemoBot\target\classes started by Levi in C:\Users\Levi\Documents\!Java\Проекты\SpringDemoBot)
2025-07-04 00:34:23,994 INFO c.e.S.SpringDemoBotApplication [main] No active profile set, falling back to 1 default profile: "default"
2025-07-04 00:34:24,252 INFO o.s.d.r.c.RepositoryConfigurationDelegate [main] Bootstrapping Spring Data JPA repositories in DEFAULT mode.
2025-07-04 00:34:24,286 INFO o.s.d.r.c.RepositoryConfigurationDelegate [main] Finished Spring Data repository scanning in 29 ms. Found 1 JPA repository interface.
2025-07-04 00:34:24,480 INFO o.h.j.i.u.LogHelper [main] HHH000204: Processing PersistenceUnitInfo [name: default]
2025-07-04 00:34:24,512 INFO o.h.Version [main] HHH000412: Hibernate ORM core version 6.6.18.Final
2025-07-04 00:34:24,532 INFO o.h.c.i.RegionFactoryInitiator [main] HHH000026: Second-level cache disabled
2025-07-04 00:34:24,697 INFO o.s.o.j.p.SpringPersistenceUnitInfo [main] No LoadTimeWeaver setup: ignoring JPA class transformer
2025-07-04 00:34:24,715 INFO c.z.h.HikariDataSource [main] HikariPool-1 - Starting...
2025-07-04 00:34:24,916 INFO c.z.h.p.HikariPool [main] HikariPool-1 - Added connection com.mysql.cj.jdbc.ConnectionImpl@27358a19
2025-07-04 00:34:24,917 INFO c.z.h.HikariDataSource [main] HikariPool-1 - Start completed.
2025-07-04 00:34:24,958 WARN o.h.o.deprecation [main] HHH90000025: MySQLDialect does not need to be specified explicitly using 'hibernate.dialect' (remove the property setting and it will be selected by default)
2025-07-04 00:34:24,970 INFO o.h.o.c.pooling [main] HHH10001005: Database info:
	Database JDBC URL [Connecting through datasource 'HikariDataSource (HikariPool-1)']
	Database driver: undefined/unknown
	Database version: 8.0.42
	Autocommit mode: undefined/unknown
	Isolation level: undefined/unknown
	Minimum pool size: undefined/unknown
	Maximum pool size: undefined/unknown
2025-07-04 00:34:25,523 INFO o.h.e.t.j.p.i.JtaPlatformInitiator [main] HHH000489: No JTA platform available (set 'hibernate.transaction.jta.platform' to enable JTA platform integration)
2025-07-04 00:34:25,557 INFO o.s.o.j.LocalContainerEntityManagerFactoryBean [main] Initialized JPA EntityManagerFactory for persistence unit 'default'
2025-07-04 00:34:27,795 INFO c.e.S.SpringDemoBotApplication [main] Started SpringDemoBotApplication in 4.034 seconds (process running for 4.546)
2025-07-04 00:34:31,293 INFO c.e.S.s.TelegramBotService [MysteriousFrogBot Telegram Executor] 
Replied to user: 577668957
Answer: Привет Арина, рад тебя видеть!
2025-07-04 00:35:15,376 INFO c.e.S.s.TelegramBotService [MysteriousFrogBot Telegram Executor] 
Replied to user: 577668957
Answer: Информация о вас:
Имя: Арина
Фамилия: Казакова
Ник в Telegram: ar_ka343
Дата регистрации: 2025-07-03T18:49:28.578070
2025-07-04 00:38:02,117 INFO o.s.o.j.LocalContainerEntityManagerFactoryBean [SpringApplicationShutdownHook] Closing JPA EntityManagerFactory for persistence unit 'default'
2025-07-04 00:38:02,119 INFO c.z.h.HikariDataSource [SpringApplicationShutdownHook] HikariPool-1 - Shutdown initiated...
2025-07-04 00:38:02,123 INFO c.z.h.HikariDataSource [SpringApplicationShutdownHook] HikariPool-1 - Shutdown completed.
2025-07-04 00:38:05,547 INFO c.e.S.SpringDemoBotApplication [main] Starting SpringDemoBotApplication using Java 17.0.12 with PID 13552 (C:\Users\Levi\Documents\!Java\Проекты\SpringDemoBot\target\classes started by Levi in C:\Users\Levi\Documents\!Java\Проекты\SpringDemoBot)
2025-07-04 00:38:05,548 INFO c.e.S.SpringDemoBotApplication [main] No active profile set, falling back to 1 default profile: "default"
2025-07-04 00:38:05,799 INFO o.s.d.r.c.RepositoryConfigurationDelegate [main] Bootstrapping Spring Data JPA repositories in DEFAULT mode.
2025-07-04 00:38:05,834 INFO o.s.d.r.c.RepositoryConfigurationDelegate [main] Finished Spring Data repository scanning in 30 ms. Found 1 JPA repository interface.
2025-07-04 00:38:06,026 INFO o.h.j.i.u.LogHelper [main] HHH000204: Processing PersistenceUnitInfo [name: default]
2025-07-04 00:38:06,057 INFO o.h.Version [main] HHH000412: Hibernate ORM core version 6.6.18.Final
2025-07-04 00:38:06,077 INFO o.h.c.i.RegionFactoryInitiator [main] HHH000026: Second-level cache disabled
2025-07-04 00:38:06,240 INFO o.s.o.j.p.SpringPersistenceUnitInfo [main] No LoadTimeWeaver setup: ignoring JPA class transformer
2025-07-04 00:38:06,259 INFO c.z.h.HikariDataSource [main] HikariPool-1 - Starting...
2025-07-04 00:38:06,469 INFO c.z.h.p.HikariPool [main] HikariPool-1 - Added connection com.mysql.cj.jdbc.ConnectionImpl@1e120628
2025-07-04 00:38:06,470 INFO c.z.h.HikariDataSource [main] HikariPool-1 - Start completed.
2025-07-04 00:38:06,510 WARN o.h.o.deprecation [main] HHH90000025: MySQLDialect does not need to be specified explicitly using 'hibernate.dialect' (remove the property setting and it will be selected by default)
2025-07-04 00:38:06,524 INFO o.h.o.c.pooling [main] HHH10001005: Database info:
	Database JDBC URL [Connecting through datasource 'HikariDataSource (HikariPool-1)']
	Database driver: undefined/unknown
	Database version: 8.0.42
	Autocommit mode: undefined/unknown
	Isolation level: undefined/unknown
	Minimum pool size: undefined/unknown
	Maximum pool size: undefined/unknown
2025-07-04 00:38:07,081 INFO o.h.e.t.j.p.i.JtaPlatformInitiator [main] HHH000489: No JTA platform available (set 'hibernate.transaction.jta.platform' to enable JTA platform integration)
2025-07-04 00:38:07,117 INFO o.s.o.j.LocalContainerEntityManagerFactoryBean [main] Initialized JPA EntityManagerFactory for persistence unit 'default'
2025-07-04 00:38:09,792 INFO c.e.S.SpringDemoBotApplication [main] Started SpringDemoBotApplication in 4.474 seconds (process running for 4.987)
2025-07-04 00:38:12,917 INFO c.e.S.s.TelegramBotService [MysteriousFrogBot Telegram Executor] 
Replied to user: 577668957
Answer: Информация о вас 😤
Имя: Арина
Фамилия: Казакова
Ник в Telegram: ar_ka343
Дата регистрации в боте: 2025-07-03T18:49:28.578070
2025-07-04 00:38:34,263 INFO o.s.o.j.LocalContainerEntityManagerFactoryBean [SpringApplicationShutdownHook] Closing JPA EntityManagerFactory for persistence unit 'default'
2025-07-04 00:38:34,265 INFO c.z.h.HikariDataSource [SpringApplicationShutdownHook] HikariPool-1 - Shutdown initiated...
2025-07-04 00:38:34,269 INFO c.z.h.HikariDataSource [SpringApplicationShutdownHook] HikariPool-1 - Shutdown completed.
2025-07-04 00:38:37,011 INFO c.e.S.SpringDemoBotApplication [main] Starting SpringDemoBotApplication using Java 17.0.12 with PID 15532 (C:\Users\Levi\Documents\!Java\Проекты\SpringDemoBot\target\classes started by Levi in C:\Users\Levi\Documents\!Java\Проекты\SpringDemoBot)
2025-07-04 00:38:37,012 INFO c.e.S.SpringDemoBotApplication [main] No active profile set, falling back to 1 default profile: "default"
2025-07-04 00:38:37,275 INFO o.s.d.r.c.RepositoryConfigurationDelegate [main] Bootstrapping Spring Data JPA repositories in DEFAULT mode.
2025-07-04 00:38:37,311 INFO o.s.d.r.c.RepositoryConfigurationDelegate [main] Finished Spring Data repository scanning in 29 ms. Found 1 JPA repository interface.
2025-07-04 00:38:37,512 INFO o.h.j.i.u.LogHelper [main] HHH000204: Processing PersistenceUnitInfo [name: default]
2025-07-04 00:38:37,543 INFO o.h.Version [main] HHH000412: Hibernate ORM core version 6.6.18.Final
2025-07-04 00:38:37,563 INFO o.h.c.i.RegionFactoryInitiator [main] HHH000026: Second-level cache disabled
2025-07-04 00:38:37,731 INFO o.s.o.j.p.SpringPersistenceUnitInfo [main] No LoadTimeWeaver setup: ignoring JPA class transformer
2025-07-04 00:38:37,750 INFO c.z.h.HikariDataSource [main] HikariPool-1 - Starting...
2025-07-04 00:38:37,958 INFO c.z.h.p.HikariPool [main] HikariPool-1 - Added connection com.mysql.cj.jdbc.ConnectionImpl@baa9ce4
2025-07-04 00:38:37,959 INFO c.z.h.HikariDataSource [main] HikariPool-1 - Start completed.
2025-07-04 00:38:38,001 WARN o.h.o.deprecation [main] HHH90000025: MySQLDialect does not need to be specified explicitly using 'hibernate.dialect' (remove the property setting and it will be selected by default)
2025-07-04 00:38:38,015 INFO o.h.o.c.pooling [main] HHH10001005: Database info:
	Database JDBC URL [Connecting through datasource 'HikariDataSource (HikariPool-1)']
	Database driver: undefined/unknown
	Database version: 8.0.42
	Autocommit mode: undefined/unknown
	Isolation level: undefined/unknown
	Minimum pool size: undefined/unknown
	Maximum pool size: undefined/unknown
2025-07-04 00:38:38,567 INFO o.h.e.t.j.p.i.JtaPlatformInitiator [main] HHH000489: No JTA platform available (set 'hibernate.transaction.jta.platform' to enable JTA platform integration)
2025-07-04 00:38:38,601 INFO o.s.o.j.LocalContainerEntityManagerFactoryBean [main] Initialized JPA EntityManagerFactory for persistence unit 'default'
2025-07-04 00:38:41,587 INFO c.e.S.SpringDemoBotApplication [main] Started SpringDemoBotApplication in 4.808 seconds (process running for 5.326)
2025-07-04 00:38:45,303 INFO c.e.S.s.TelegramBotService [MysteriousFrogBot Telegram Executor] 
Replied to user: 577668957
Answer: Информация о вас ✨
Имя: Арина
Фамилия: Казакова
Ник в Telegram: ar_ka343
Дата регистрации в боте: 2025-07-03T18:49:28.578070
2025-07-04 00:38:52,306 INFO o.s.o.j.LocalContainerEntityManagerFactoryBean [SpringApplicationShutdownHook] Closing JPA EntityManagerFactory for persistence unit 'default'
2025-07-04 00:38:52,306 INFO c.z.h.HikariDataSource [SpringApplicationShutdownHook] HikariPool-1 - Shutdown initiated...
2025-07-04 00:38:52,311 INFO c.z.h.HikariDataSource [SpringApplicationShutdownHook] HikariPool-1 - Shutdown completed.
2025-07-04 00:41:37,554 INFO c.e.S.SpringDemoBotApplication [main] Starting SpringDemoBotApplication using Java 17.0.12 with PID 7740 (C:\Users\Levi\Documents\!Java\Проекты\SpringDemoBot\target\classes started by Levi in C:\Users\Levi\Documents\!Java\Проекты\SpringDemoBot)
2025-07-04 00:41:37,562 INFO c.e.S.SpringDemoBotApplication [main] No active profile set, falling back to 1 default profile: "default"
2025-07-04 00:41:37,821 INFO o.s.d.r.c.RepositoryConfigurationDelegate [main] Bootstrapping Spring Data JPA repositories in DEFAULT mode.
2025-07-04 00:41:37,852 INFO o.s.d.r.c.RepositoryConfigurationDelegate [main] Finished Spring Data repository scanning in 30 ms. Found 1 JPA repository interface.
2025-07-04 00:41:38,050 INFO o.h.j.i.u.LogHelper [main] HHH000204: Processing PersistenceUnitInfo [name: default]
2025-07-04 00:41:38,082 INFO o.h.Version [main] HHH000412: Hibernate ORM core version 6.6.18.Final
2025-07-04 00:41:38,087 INFO o.h.c.i.RegionFactoryInitiator [main] HHH000026: Second-level cache disabled
2025-07-04 00:41:38,270 INFO o.s.o.j.p.SpringPersistenceUnitInfo [main] No LoadTimeWeaver setup: ignoring JPA class transformer
2025-07-04 00:41:38,288 INFO c.z.h.HikariDataSource [main] HikariPool-1 - Starting...
2025-07-04 00:41:38,484 INFO c.z.h.p.HikariPool [main] HikariPool-1 - Added connection com.mysql.cj.jdbc.ConnectionImpl@2755617b
2025-07-04 00:41:38,484 INFO c.z.h.HikariDataSource [main] HikariPool-1 - Start completed.
2025-07-04 00:41:38,524 WARN o.h.o.deprecation [main] HHH90000025: MySQLDialect does not need to be specified explicitly using 'hibernate.dialect' (remove the property setting and it will be selected by default)
2025-07-04 00:41:38,528 INFO o.h.o.c.pooling [main] HHH10001005: Database info:
	Database JDBC URL [Connecting through datasource 'HikariDataSource (HikariPool-1)']
	Database driver: undefined/unknown
	Database version: 8.0.42
	Autocommit mode: undefined/unknown
	Isolation level: undefined/unknown
	Minimum pool size: undefined/unknown
	Maximum pool size: undefined/unknown
2025-07-04 00:41:39,113 INFO o.h.e.t.j.p.i.JtaPlatformInitiator [main] HHH000489: No JTA platform available (set 'hibernate.transaction.jta.platform' to enable JTA platform integration)
2025-07-04 00:41:39,141 INFO o.s.o.j.LocalContainerEntityManagerFactoryBean [main] Initialized JPA EntityManagerFactory for persistence unit 'default'
2025-07-04 00:41:42,224 INFO c.e.S.SpringDemoBotApplication [main] Started SpringDemoBotApplication in 4.893 seconds (process running for 5.401)
2025-07-04 00:41:45,288 INFO c.e.S.s.TelegramBotService [MysteriousFrogBot Telegram Executor] 
Replied to user: 577668957
Answer: Почему-то ваших данных у нас нет 😣
Нажмите сюда /start, поздороваемся еще раз
2025-07-04 00:42:29,155 INFO o.s.o.j.LocalContainerEntityManagerFactoryBean [SpringApplicationShutdownHook] Closing JPA EntityManagerFactory for persistence unit 'default'
2025-07-04 00:42:29,157 INFO c.z.h.HikariDataSource [SpringApplicationShutdownHook] HikariPool-1 - Shutdown initiated...
2025-07-04 00:42:29,162 INFO c.z.h.HikariDataSource [SpringApplicationShutdownHook] HikariPool-1 - Shutdown completed.
2025-07-04 00:42:31,909 INFO c.e.S.SpringDemoBotApplication [main] Starting SpringDemoBotApplication using Java 17.0.12 with PID 13688 (C:\Users\Levi\Documents\!Java\Проекты\SpringDemoBot\target\classes started by Levi in C:\Users\Levi\Documents\!Java\Проекты\SpringDemoBot)
2025-07-04 00:42:31,910 INFO c.e.S.SpringDemoBotApplication [main] No active profile set, falling back to 1 default profile: "default"
2025-07-04 00:42:32,173 INFO o.s.d.r.c.RepositoryConfigurationDelegate [main] Bootstrapping Spring Data JPA repositories in DEFAULT mode.
2025-07-04 00:42:32,209 INFO o.s.d.r.c.RepositoryConfigurationDelegate [main] Finished Spring Data repository scanning in 30 ms. Found 1 JPA repository interface.
2025-07-04 00:42:32,407 INFO o.h.j.i.u.LogHelper [main] HHH000204: Processing PersistenceUnitInfo [name: default]
2025-07-04 00:42:32,440 INFO o.h.Version [main] HHH000412: Hibernate ORM core version 6.6.18.Final
2025-07-04 00:42:32,461 INFO o.h.c.i.RegionFactoryInitiator [main] HHH000026: Second-level cache disabled
2025-07-04 00:42:32,631 INFO o.s.o.j.p.SpringPersistenceUnitInfo [main] No LoadTimeWeaver setup: ignoring JPA class transformer
2025-07-04 00:42:32,650 INFO c.z.h.HikariDataSource [main] HikariPool-1 - Starting...
2025-07-04 00:42:32,860 INFO c.z.h.p.HikariPool [main] HikariPool-1 - Added connection com.mysql.cj.jdbc.ConnectionImpl@45b7c97f
2025-07-04 00:42:32,861 INFO c.z.h.HikariDataSource [main] HikariPool-1 - Start completed.
2025-07-04 00:42:32,898 WARN o.h.o.deprecation [main] HHH90000025: MySQLDialect does not need to be specified explicitly using 'hibernate.dialect' (remove the property setting and it will be selected by default)
2025-07-04 00:42:32,910 INFO o.h.o.c.pooling [main] HHH10001005: Database info:
	Database JDBC URL [Connecting through datasource 'HikariDataSource (HikariPool-1)']
	Database driver: undefined/unknown
	Database version: 8.0.42
	Autocommit mode: undefined/unknown
	Isolation level: undefined/unknown
	Minimum pool size: undefined/unknown
	Maximum pool size: undefined/unknown
2025-07-04 00:42:33,472 INFO o.h.e.t.j.p.i.JtaPlatformInitiator [main] HHH000489: No JTA platform available (set 'hibernate.transaction.jta.platform' to enable JTA platform integration)
2025-07-04 00:42:33,506 INFO o.s.o.j.LocalContainerEntityManagerFactoryBean [main] Initialized JPA EntityManagerFactory for persistence unit 'default'
2025-07-04 00:42:37,140 INFO c.e.S.SpringDemoBotApplication [main] Started SpringDemoBotApplication in 5.473 seconds (process running for 5.988)
2025-07-04 00:42:41,614 INFO c.e.S.s.TelegramBotService [MysteriousFrogBot Telegram Executor] 
Replied to user: 577668957
Answer: Почему-то ваших данных у нас нет 🤔
Нажмите сюда /start, поздороваемся еще раз
2025-07-04 00:42:43,968 INFO c.e.S.s.TelegramBotService [MysteriousFrogBot Telegram Executor] 
User registered: User(chatId=577668957, firstName=Арина, lastName=Казакова, userName=ar_ka343, registeredAt=2025-07-03T19:42:43.932148600)
2025-07-04 00:42:44,300 INFO c.e.S.s.TelegramBotService [MysteriousFrogBot Telegram Executor] 
Replied to user: 577668957
Answer: Привет Арина, рад тебя видеть!
2025-07-04 00:42:46,628 INFO c.e.S.s.TelegramBotService [MysteriousFrogBot Telegram Executor] 
Replied to user: 577668957
Answer: Информация о вас ✨
Имя: Арина
Фамилия: Казакова
Ник в Telegram: ar_ka343
Дата регистрации в боте: 2025-07-03T19:42:43.932149
2025-07-04 00:46:46,865 INFO o.s.o.j.LocalContainerEntityManagerFactoryBean [SpringApplicationShutdownHook] Closing JPA EntityManagerFactory for persistence unit 'default'
2025-07-04 00:46:46,867 INFO c.z.h.HikariDataSource [SpringApplicationShutdownHook] HikariPool-1 - Shutdown initiated...
2025-07-04 00:46:46,872 INFO c.z.h.HikariDataSource [SpringApplicationShutdownHook] HikariPool-1 - Shutdown completed.
2025-07-04 00:46:49,986 INFO c.e.S.SpringDemoBotApplication [main] Starting SpringDemoBotApplication using Java 17.0.12 with PID 1028 (C:\Users\Levi\Documents\!Java\Проекты\SpringDemoBot\target\classes started by Levi in C:\Users\Levi\Documents\!Java\Проекты\SpringDemoBot)
2025-07-04 00:46:49,987 INFO c.e.S.SpringDemoBotApplication [main] No active profile set, falling back to 1 default profile: "default"
2025-07-04 00:46:50,245 INFO o.s.d.r.c.RepositoryConfigurationDelegate [main] Bootstrapping Spring Data JPA repositories in DEFAULT mode.
2025-07-04 00:46:50,282 INFO o.s.d.r.c.RepositoryConfigurationDelegate [main] Finished Spring Data repository scanning in 32 ms. Found 1 JPA repository interface.
2025-07-04 00:46:50,476 INFO o.h.j.i.u.LogHelper [main] HHH000204: Processing PersistenceUnitInfo [name: default]
2025-07-04 00:46:50,508 INFO o.h.Version [main] HHH000412: Hibernate ORM core version 6.6.18.Final
2025-07-04 00:46:50,528 INFO o.h.c.i.RegionFactoryInitiator [main] HHH000026: Second-level cache disabled
2025-07-04 00:46:50,692 INFO o.s.o.j.p.SpringPersistenceUnitInfo [main] No LoadTimeWeaver setup: ignoring JPA class transformer
2025-07-04 00:46:50,710 INFO c.z.h.HikariDataSource [main] HikariPool-1 - Starting...
2025-07-04 00:46:50,920 INFO c.z.h.p.HikariPool [main] HikariPool-1 - Added connection com.mysql.cj.jdbc.ConnectionImpl@65844c96
2025-07-04 00:46:50,921 INFO c.z.h.HikariDataSource [main] HikariPool-1 - Start completed.
2025-07-04 00:46:50,959 WARN o.h.o.deprecation [main] HHH90000025: MySQLDialect does not need to be specified explicitly using 'hibernate.dialect' (remove the property setting and it will be selected by default)
2025-07-04 00:46:50,972 INFO o.h.o.c.pooling [main] HHH10001005: Database info:
	Database JDBC URL [Connecting through datasource 'HikariDataSource (HikariPool-1)']
	Database driver: undefined/unknown
	Database version: 8.0.42
	Autocommit mode: undefined/unknown
	Isolation level: undefined/unknown
	Minimum pool size: undefined/unknown
	Maximum pool size: undefined/unknown
2025-07-04 00:46:51,558 INFO o.h.e.t.j.p.i.JtaPlatformInitiator [main] HHH000489: No JTA platform available (set 'hibernate.transaction.jta.platform' to enable JTA platform integration)
2025-07-04 00:46:51,598 INFO o.s.o.j.LocalContainerEntityManagerFactoryBean [main] Initialized JPA EntityManagerFactory for persistence unit 'default'
2025-07-04 00:46:55,598 INFO c.e.S.SpringDemoBotApplication [main] Started SpringDemoBotApplication in 5.853 seconds (process running for 6.36)
2025-07-04 00:47:00,767 INFO c.e.S.s.TelegramBotService [MysteriousFrogBot Telegram Executor] 
Replied to user: 577668957
Answer: Привет Арина, рад тебя видеть!
2025-07-04 00:47:03,144 INFO c.e.S.s.TelegramBotService [MysteriousFrogBot Telegram Executor] 
Replied to user: 577668957
Answer: Информация о вас ✨
Имя: Арина
Фамилия: Казакова
Ник в Telegram: ar_ka343
Дата регистрации в боте: 2025-07-03T19:42:43.932149
2025-07-04 00:47:06,362 INFO c.e.S.s.TelegramBotService [MysteriousFrogBot Telegram Executor] 
Replied to user: 577668957
Answer: Ничего не удаляется, все будет хранится 🙃
2025-07-04 00:47:11,793 INFO c.e.S.s.TelegramBotService [MysteriousFrogBot Telegram Executor] 
Replied to user: 577668957
Answer: Я даже не знаю чем вам можно помочь 🥲


Но этот бот пока просто хрени пишет

Нажмите на /start чтобы поздороваться

Нажмите на /my_data и должна появиться информация о тебе, но ее пока нет 😥

Нажмите на /delete_data и можно удалить информацию о себе, но такого пока тоже нет 😥

Нажмите на /settings и можно изменить настройки бота


Потом добавлю какую-нибудь обратную связь 😊
2025-07-04 00:48:01,963 INFO o.s.o.j.LocalContainerEntityManagerFactoryBean [SpringApplicationShutdownHook] Closing JPA EntityManagerFactory for persistence unit 'default'
2025-07-04 00:48:01,965 INFO c.z.h.HikariDataSource [SpringApplicationShutdownHook] HikariPool-1 - Shutdown initiated...
2025-07-04 00:48:01,969 INFO c.z.h.HikariDataSource [SpringApplicationShutdownHook] HikariPool-1 - Shutdown completed.
2025-07-04 00:48:04,900 INFO c.e.S.SpringDemoBotApplication [main] Starting SpringDemoBotApplication using Java 17.0.12 with PID 8040 (C:\Users\Levi\Documents\!Java\Проекты\SpringDemoBot\target\classes started by Levi in C:\Users\Levi\Documents\!Java\Проекты\SpringDemoBot)
2025-07-04 00:48:04,901 INFO c.e.S.SpringDemoBotApplication [main] No active profile set, falling back to 1 default profile: "default"
2025-07-04 00:48:05,159 INFO o.s.d.r.c.RepositoryConfigurationDelegate [main] Bootstrapping Spring Data JPA repositories in DEFAULT mode.
2025-07-04 00:48:05,196 INFO o.s.d.r.c.RepositoryConfigurationDelegate [main] Finished Spring Data repository scanning in 31 ms. Found 1 JPA repository interface.
2025-07-04 00:48:05,386 INFO o.h.j.i.u.LogHelper [main] HHH000204: Processing PersistenceUnitInfo [name: default]
2025-07-04 00:48:05,418 INFO o.h.Version [main] HHH000412: Hibernate ORM core version 6.6.18.Final
2025-07-04 00:48:05,438 INFO o.h.c.i.RegionFactoryInitiator [main] HHH000026: Second-level cache disabled
2025-07-04 00:48:05,601 INFO o.s.o.j.p.SpringPersistenceUnitInfo [main] No LoadTimeWeaver setup: ignoring JPA class transformer
2025-07-04 00:48:05,620 INFO c.z.h.HikariDataSource [main] HikariPool-1 - Starting...
2025-07-04 00:48:05,820 INFO c.z.h.p.HikariPool [main] HikariPool-1 - Added connection com.mysql.cj.jdbc.ConnectionImpl@3d40498a
2025-07-04 00:48:05,822 INFO c.z.h.HikariDataSource [main] HikariPool-1 - Start completed.
2025-07-04 00:48:05,855 WARN o.h.o.deprecation [main] HHH90000025: MySQLDialect does not need to be specified explicitly using 'hibernate.dialect' (remove the property setting and it will be selected by default)
2025-07-04 00:48:05,869 INFO o.h.o.c.pooling [main] HHH10001005: Database info:
	Database JDBC URL [Connecting through datasource 'HikariDataSource (HikariPool-1)']
	Database driver: undefined/unknown
	Database version: 8.0.42
	Autocommit mode: undefined/unknown
	Isolation level: undefined/unknown
	Minimum pool size: undefined/unknown
	Maximum pool size: undefined/unknown
2025-07-04 00:48:06,430 INFO o.h.e.t.j.p.i.JtaPlatformInitiator [main] HHH000489: No JTA platform available (set 'hibernate.transaction.jta.platform' to enable JTA platform integration)
2025-07-04 00:48:06,459 INFO o.s.o.j.LocalContainerEntityManagerFactoryBean [main] Initialized JPA EntityManagerFactory for persistence unit 'default'
2025-07-04 00:48:08,735 INFO c.e.S.SpringDemoBotApplication [main] Started SpringDemoBotApplication in 4.067 seconds (process running for 4.568)
2025-07-04 00:48:45,693 INFO c.e.S.s.TelegramBotService [MysteriousFrogBot Telegram Executor] 
Replied to user: 577668957
Answer: Привет Арина, рад тебя видеть!
2025-07-04 00:49:04,927 INFO c.e.S.s.TelegramBotService [MysteriousFrogBot Telegram Executor] 
Replied to user: 577668957
Answer: Информация о вас ✨
Имя: Арина
Фамилия: Казакова
Ник в Telegram: ar_ka343
Дата регистрации в боте: 2025-07-03T19:42:43.932149
2025-07-04 00:49:07,519 INFO c.e.S.s.TelegramBotService [MysteriousFrogBot Telegram Executor] 
Replied to user: 577668957
Answer: Ничего не удаляется, все будет хранится 🙃
2025-07-04 00:49:11,212 INFO c.e.S.s.TelegramBotService [MysteriousFrogBot Telegram Executor] 
Replied to user: 577668957
Answer: Я даже не знаю чем вам можно помочь 🥲


Но этот бот пока просто хрени пишет

Нажмите на /start чтобы поздороваться

Нажмите на /my_data и появиться информация о тебе

Нажмите на /delete_data и можно удалить информацию о себе

Нажмите на /settings и можно изменить настройки бота


Потом добавлю какую-нибудь обратную связь 😊
2025-07-04 00:49:22,753 INFO c.e.S.s.TelegramBotService [MysteriousFrogBot Telegram Executor] 
Replied to user: 577668957
Answer: Нету тут ничего настраивать, ну по крайней мере пока
2025-07-04 00:49:37,744 ERROR o.t.t.u.DefaultBotSession [MysteriousFrogBot Telegram Connection] Connection reset
java.net.SocketException: Connection reset
	at java.base/sun.nio.ch.NioSocketImpl.implRead(NioSocketImpl.java:328)
	at java.base/sun.nio.ch.NioSocketImpl.read(NioSocketImpl.java:355)
	at java.base/sun.nio.ch.NioSocketImpl$1.read(NioSocketImpl.java:808)
	at java.base/java.net.Socket$SocketInputStream.read(Socket.java:966)
	at java.base/sun.security.ssl.SSLSocketInputRecord.read(SSLSocketInputRecord.java:484)
	at java.base/sun.security.ssl.SSLSocketInputRecord.readHeader(SSLSocketInputRecord.java:478)
	at java.base/sun.security.ssl.SSLSocketInputRecord.bytesInCompletePacket(SSLSocketInputRecord.java:70)
	at java.base/sun.security.ssl.SSLSocketImpl.readApplicationRecord(SSLSocketImpl.java:1461)
	at java.base/sun.security.ssl.SSLSocketImpl$AppInputStream.read(SSLSocketImpl.java:1065)
	at org.apache.http.impl.io.SessionInputBufferImpl.streamRead(SessionInputBufferImpl.java:137)
	at org.apache.http.impl.io.SessionInputBufferImpl.fillBuffer(SessionInputBufferImpl.java:153)
	at org.apache.http.impl.io.SessionInputBufferImpl.readLine(SessionInputBufferImpl.java:280)
	at org.apache.http.impl.conn.DefaultHttpResponseParser.parseHead(DefaultHttpResponseParser.java:138)
	at org.apache.http.impl.conn.DefaultHttpResponseParser.parseHead(DefaultHttpResponseParser.java:56)
	at org.apache.http.impl.io.AbstractMessageParser.parse(AbstractMessageParser.java:259)
	at org.apache.http.impl.DefaultBHttpClientConnection.receiveResponseHeader(DefaultBHttpClientConnection.java:163)
	at org.apache.http.impl.conn.CPoolProxy.receiveResponseHeader(CPoolProxy.java:157)
	at org.apache.http.protocol.HttpRequestExecutor.doReceiveResponse(HttpRequestExecutor.java:273)
	at org.apache.http.protocol.HttpRequestExecutor.execute(HttpRequestExecutor.java:125)
	at org.apache.http.impl.execchain.MainClientExec.execute(MainClientExec.java:272)
	at org.apache.http.impl.execchain.ProtocolExec.execute(ProtocolExec.java:186)
	at org.apache.http.impl.execchain.RetryExec.execute(RetryExec.java:89)
	at org.apache.http.impl.execchain.RedirectExec.execute(RedirectExec.java:110)
	at org.apache.http.impl.client.InternalHttpClient.doExecute(InternalHttpClient.java:185)
	at org.apache.http.impl.client.CloseableHttpClient.execute(CloseableHttpClient.java:83)
	at org.telegram.telegrambots.updatesreceivers.DefaultBotSession$ReaderThread.getUpdatesFromServer(DefaultBotSession.java:250)
	at org.telegram.telegrambots.updatesreceivers.DefaultBotSession$ReaderThread.run(DefaultBotSession.java:189)
2025-07-04 00:52:42,524 INFO o.s.o.j.LocalContainerEntityManagerFactoryBean [SpringApplicationShutdownHook] Closing JPA EntityManagerFactory for persistence unit 'default'
2025-07-04 00:52:42,524 INFO c.z.h.HikariDataSource [SpringApplicationShutdownHook] HikariPool-1 - Shutdown initiated...
2025-07-04 00:52:42,524 INFO c.z.h.HikariDataSource [SpringApplicationShutdownHook] HikariPool-1 - Shutdown completed.
2025-07-04 00:52:44,968 INFO c.e.S.SpringDemoBotApplication [main] Starting SpringDemoBotApplication using Java 17.0.12 with PID 20016 (C:\Users\Levi\Documents\!Java\Проекты\SpringDemoBot\target\classes started by Levi in C:\Users\Levi\Documents\!Java\Проекты\SpringDemoBot)
2025-07-04 00:52:44,969 INFO c.e.S.SpringDemoBotApplication [main] No active profile set, falling back to 1 default profile: "default"
2025-07-04 00:52:45,225 INFO o.s.d.r.c.RepositoryConfigurationDelegate [main] Bootstrapping Spring Data JPA repositories in DEFAULT mode.
2025-07-04 00:52:45,261 INFO o.s.d.r.c.RepositoryConfigurationDelegate [main] Finished Spring Data repository scanning in 30 ms. Found 1 JPA repository interface.
2025-07-04 00:52:45,451 INFO o.h.j.i.u.LogHelper [main] HHH000204: Processing PersistenceUnitInfo [name: default]
2025-07-04 00:52:45,483 INFO o.h.Version [main] HHH000412: Hibernate ORM core version 6.6.18.Final
2025-07-04 00:52:45,502 INFO o.h.c.i.RegionFactoryInitiator [main] HHH000026: Second-level cache disabled
2025-07-04 00:52:45,671 INFO o.s.o.j.p.SpringPersistenceUnitInfo [main] No LoadTimeWeaver setup: ignoring JPA class transformer
2025-07-04 00:52:45,689 INFO c.z.h.HikariDataSource [main] HikariPool-1 - Starting...
2025-07-04 00:52:45,894 INFO c.z.h.p.HikariPool [main] HikariPool-1 - Added connection com.mysql.cj.jdbc.ConnectionImpl@c212536
2025-07-04 00:52:45,895 INFO c.z.h.HikariDataSource [main] HikariPool-1 - Start completed.
2025-07-04 00:52:45,931 WARN o.h.o.deprecation [main] HHH90000025: MySQLDialect does not need to be specified explicitly using 'hibernate.dialect' (remove the property setting and it will be selected by default)
2025-07-04 00:52:45,944 INFO o.h.o.c.pooling [main] HHH10001005: Database info:
	Database JDBC URL [Connecting through datasource 'HikariDataSource (HikariPool-1)']
	Database driver: undefined/unknown
	Database version: 8.0.42
	Autocommit mode: undefined/unknown
	Isolation level: undefined/unknown
	Minimum pool size: undefined/unknown
	Maximum pool size: undefined/unknown
2025-07-04 00:52:46,515 INFO o.h.e.t.j.p.i.JtaPlatformInitiator [main] HHH000489: No JTA platform available (set 'hibernate.transaction.jta.platform' to enable JTA platform integration)
2025-07-04 00:52:46,550 INFO o.s.o.j.LocalContainerEntityManagerFactoryBean [main] Initialized JPA EntityManagerFactory for persistence unit 'default'
2025-07-04 00:52:50,208 INFO c.e.S.SpringDemoBotApplication [main] Started SpringDemoBotApplication in 5.467 seconds (process running for 5.998)
2025-07-04 01:02:23,227 INFO o.s.o.j.LocalContainerEntityManagerFactoryBean [SpringApplicationShutdownHook] Closing JPA EntityManagerFactory for persistence unit 'default'
2025-07-04 01:02:23,227 INFO c.z.h.HikariDataSource [SpringApplicationShutdownHook] HikariPool-1 - Shutdown initiated...
2025-07-04 01:02:23,236 INFO c.z.h.HikariDataSource [SpringApplicationShutdownHook] HikariPool-1 - Shutdown completed.
2025-07-04 01:02:26,460 INFO c.e.S.SpringDemoBotApplication [main] Starting SpringDemoBotApplication using Java 17.0.12 with PID 19448 (C:\Users\Levi\Documents\!Java\Проекты\SpringDemoBot\target\classes started by Levi in C:\Users\Levi\Documents\!Java\Проекты\SpringDemoBot)
2025-07-04 01:02:26,461 INFO c.e.S.SpringDemoBotApplication [main] No active profile set, falling back to 1 default profile: "default"
2025-07-04 01:02:26,713 INFO o.s.d.r.c.RepositoryConfigurationDelegate [main] Bootstrapping Spring Data JPA repositories in DEFAULT mode.
2025-07-04 01:02:26,745 INFO o.s.d.r.c.RepositoryConfigurationDelegate [main] Finished Spring Data repository scanning in 28 ms. Found 1 JPA repository interface.
2025-07-04 01:02:26,955 INFO o.h.j.i.u.LogHelper [main] HHH000204: Processing PersistenceUnitInfo [name: default]
2025-07-04 01:02:26,985 INFO o.h.Version [main] HHH000412: Hibernate ORM core version 6.6.18.Final
2025-07-04 01:02:27,006 INFO o.h.c.i.RegionFactoryInitiator [main] HHH000026: Second-level cache disabled
2025-07-04 01:02:27,167 INFO o.s.o.j.p.SpringPersistenceUnitInfo [main] No LoadTimeWeaver setup: ignoring JPA class transformer
2025-07-04 01:02:27,193 INFO c.z.h.HikariDataSource [main] HikariPool-1 - Starting...
2025-07-04 01:02:27,404 INFO c.z.h.p.HikariPool [main] HikariPool-1 - Added connection com.mysql.cj.jdbc.ConnectionImpl@1e120628
2025-07-04 01:02:27,405 INFO c.z.h.HikariDataSource [main] HikariPool-1 - Start completed.
2025-07-04 01:02:27,442 WARN o.h.o.deprecation [main] HHH90000025: MySQLDialect does not need to be specified explicitly using 'hibernate.dialect' (remove the property setting and it will be selected by default)
2025-07-04 01:02:27,455 INFO o.h.o.c.pooling [main] HHH10001005: Database info:
	Database JDBC URL [Connecting through datasource 'HikariDataSource (HikariPool-1)']
	Database driver: undefined/unknown
	Database version: 8.0.42
	Autocommit mode: undefined/unknown
	Isolation level: undefined/unknown
	Minimum pool size: undefined/unknown
	Maximum pool size: undefined/unknown
2025-07-04 01:02:28,016 INFO o.h.e.t.j.p.i.JtaPlatformInitiator [main] HHH000489: No JTA platform available (set 'hibernate.transaction.jta.platform' to enable JTA platform integration)
2025-07-04 01:02:28,048 INFO o.s.o.j.LocalContainerEntityManagerFactoryBean [main] Initialized JPA EntityManagerFactory for persistence unit 'default'
2025-07-04 01:02:33,159 INFO c.e.S.SpringDemoBotApplication [main] Started SpringDemoBotApplication in 6.945 seconds (process running for 7.453)
2025-07-04 01:04:08,545 INFO o.s.o.j.LocalContainerEntityManagerFactoryBean [SpringApplicationShutdownHook] Closing JPA EntityManagerFactory for persistence unit 'default'
2025-07-04 01:04:08,545 INFO c.z.h.HikariDataSource [SpringApplicationShutdownHook] HikariPool-1 - Shutdown initiated...
2025-07-04 01:04:08,545 INFO c.z.h.HikariDataSource [SpringApplicationShutdownHook] HikariPool-1 - Shutdown completed.
2025-07-04 01:04:11,751 INFO c.e.S.SpringDemoBotApplication [main] Starting SpringDemoBotApplication using Java 17.0.12 with PID 17104 (C:\Users\Levi\Documents\!Java\Проекты\SpringDemoBot\target\classes started by Levi in C:\Users\Levi\Documents\!Java\Проекты\SpringDemoBot)
2025-07-04 01:04:11,752 INFO c.e.S.SpringDemoBotApplication [main] No active profile set, falling back to 1 default profile: "default"
2025-07-04 01:04:12,009 INFO o.s.d.r.c.RepositoryConfigurationDelegate [main] Bootstrapping Spring Data JPA repositories in DEFAULT mode.
2025-07-04 01:04:12,044 INFO o.s.d.r.c.RepositoryConfigurationDelegate [main] Finished Spring Data repository scanning in 29 ms. Found 1 JPA repository interface.
2025-07-04 01:04:12,233 INFO o.h.j.i.u.LogHelper [main] HHH000204: Processing PersistenceUnitInfo [name: default]
2025-07-04 01:04:12,264 INFO o.h.Version [main] HHH000412: Hibernate ORM core version 6.6.18.Final
2025-07-04 01:04:12,284 INFO o.h.c.i.RegionFactoryInitiator [main] HHH000026: Second-level cache disabled
2025-07-04 01:04:12,449 INFO o.s.o.j.p.SpringPersistenceUnitInfo [main] No LoadTimeWeaver setup: ignoring JPA class transformer
2025-07-04 01:04:12,467 INFO c.z.h.HikariDataSource [main] HikariPool-1 - Starting...
2025-07-04 01:04:12,669 INFO c.z.h.p.HikariPool [main] HikariPool-1 - Added connection com.mysql.cj.jdbc.ConnectionImpl@6009cd34
2025-07-04 01:04:12,670 INFO c.z.h.HikariDataSource [main] HikariPool-1 - Start completed.
2025-07-04 01:04:12,707 WARN o.h.o.deprecation [main] HHH90000025: MySQLDialect does not need to be specified explicitly using 'hibernate.dialect' (remove the property setting and it will be selected by default)
2025-07-04 01:04:12,720 INFO o.h.o.c.pooling [main] HHH10001005: Database info:
	Database JDBC URL [Connecting through datasource 'HikariDataSource (HikariPool-1)']
	Database driver: undefined/unknown
	Database version: 8.0.42
	Autocommit mode: undefined/unknown
	Isolation level: undefined/unknown
	Minimum pool size: undefined/unknown
	Maximum pool size: undefined/unknown
2025-07-04 01:04:13,272 INFO o.h.e.t.j.p.i.JtaPlatformInitiator [main] HHH000489: No JTA platform available (set 'hibernate.transaction.jta.platform' to enable JTA platform integration)
2025-07-04 01:04:13,304 INFO o.s.o.j.LocalContainerEntityManagerFactoryBean [main] Initialized JPA EntityManagerFactory for persistence unit 'default'
2025-07-04 01:04:17,389 INFO c.e.S.SpringDemoBotApplication [main] Started SpringDemoBotApplication in 5.865 seconds (process running for 6.359)
2025-07-04 01:04:24,212 INFO c.e.S.s.TelegramBotService [MysteriousFrogBot Telegram Executor] 
User registered: User(chatId=6282864029, firstName=Krap, lastName=null, userName=null, registeredAt=2025-07-03T20:04:24.184667900)
2025-07-04 01:04:24,977 INFO c.e.S.s.TelegramBotService [MysteriousFrogBot Telegram Executor] 
Replied to user: 6282864029
Answer: Привет Krap, рад тебя видеть!
2025-07-04 01:04:35,700 INFO c.e.S.s.TelegramBotService [MysteriousFrogBot Telegram Executor] 
Replied to user: 6282864029
Answer: Информация о вас ✨
Имя: Krap
Фамилия: null
Ник в Telegram: null
Дата регистрации в боте: 2025-07-03T20:04:24.184668
2025-07-04 01:04:43,181 INFO c.e.S.s.TelegramBotService [MysteriousFrogBot Telegram Executor] 
Replied to user: 6282864029
Answer: Привет Krap, рад тебя видеть!
2025-07-04 01:04:46,961 INFO c.e.S.s.TelegramBotService [MysteriousFrogBot Telegram Executor] 
Replied to user: 577668957
Answer: Я даже не знаю чем вам можно помочь 🥲


Но этот бот пока просто хрени пишет

Нажмите на /start чтобы поздороваться

Нажмите на /view_motivational_pic чтобы посмотреть мотивирующую картинку

Нажмите на /my_data и появиться информация о тебе

Нажмите на /delete_data и можно удалить информацию о себе

Нажмите на /settings и можно изменить настройки бота


Потом добавлю какую-нибудь обратную связь 😊
2025-07-04 01:08:21,213 INFO c.e.S.s.TelegramBotService [MysteriousFrogBot Telegram Executor] 
Replied to user: 577668957
Answer: Информация о вас ✨
Имя: Арина
Фамилия: Казакова
Ник в Telegram: ar_ka343
Дата регистрации в боте: 2025-07-03T19:42:43.932149
2025-07-04 01:12:13,114 INFO o.s.o.j.LocalContainerEntityManagerFactoryBean [SpringApplicationShutdownHook] Closing JPA EntityManagerFactory for persistence unit 'default'
2025-07-04 01:12:13,114 INFO c.z.h.HikariDataSource [SpringApplicationShutdownHook] HikariPool-1 - Shutdown initiated...
2025-07-04 01:12:13,114 INFO c.z.h.HikariDataSource [SpringApplicationShutdownHook] HikariPool-1 - Shutdown completed.
